#
# There is insufficient memory for the Java Runtime Environment to continue.
# Native memory allocation (mmap) failed to map 132120576 bytes for G1 virtual space
# Possible reasons:
#   The system is out of physical RAM or swap space
#   The process is running with CompressedOops enabled, and the Java Heap may be blocking the growth of the native heap
# Possible solutions:
#   Reduce memory load on the system
#   Increase physical memory or swap space
#   Check if swap backing store is full
#   Decrease Java heap size (-Xmx/-Xms)
#   Decrease number of Java threads
#   Decrease Java thread stack sizes (-Xss)
#   Set larger code cache with -XX:ReservedCodeCacheSize=
#   JVM is running with Unscaled Compressed Oops mode in which the Java heap is
#     placed in the first 4GB address space. The Java Heap base address is the
#     maximum limit for the native heap growth. Please use -XX:HeapBaseMinAddress
#     to set the Java Heap base and to place the Java Heap above 4GB virtual address.
# This output file may be truncated or incomplete.
#
#  Out of Memory Error (os_windows.cpp:3825), pid=19052, tid=16448
#
# JRE version:  (17.0.9+7) (build )
# Java VM: OpenJDK 64-Bit Server VM (17.0.9+7-b1087.9, mixed mode, sharing, tiered, compressed oops, compressed class ptrs, g1 gc, windows-amd64)
# No core dump will be written. Minidumps are not enabled by default on client versions of Windows
#

---------------  S U M M A R Y ------------

Command Line: git4idea.http.GitAskPassApp Username for 'https://github.com': 

Host: 11th Gen Intel(R) Core(TM) i5-1135G7 @ 2.40GHz, 8 cores, 7G,  Windows 11 , 64 bit Build 22621 (10.0.22621.2506)
Time: Sat Jan 27 13:52:30 2024 RTZ 2 (s 11 , 64 bit Build 22621 (10.0.22621.2506) elapsed time: 0.014352 seconds (0d 0h 0m 0s)

---------------  T H R E A D  ---------------

Current thread (0x0000022b7662ee20):  JavaThread "Unknown thread" [_thread_in_vm, id=16448, stack(0x000000389e800000,0x000000389e900000)]

Stack: [0x000000389e800000,0x000000389e900000]
Native frames: (J=compiled Java code, j=interpreted, Vv=VM code, C=native code)
V  [jvm.dll+0x688349]
V  [jvm.dll+0x841bfa]
V  [jvm.dll+0x84383e]
V  [jvm.dll+0x843ea3]
V  [jvm.dll+0x24bdef]
V  [jvm.dll+0x6850f9]
V  [jvm.dll+0x67988a]
V  [jvm.dll+0x30cbfb]
V  [jvm.dll+0x3140a6]
V  [jvm.dll+0x363ede]
V  [jvm.dll+0x36410f]
V  [jvm.dll+0x2e29c8]
V  [jvm.dll+0x2e3934]
V  [jvm.dll+0x812771]
V  [jvm.dll+0x371d41]
V  [jvm.dll+0x7f12bc]
V  [jvm.dll+0x3f59cf]
V  [jvm.dll+0x3f7601]
C  [jli.dll+0x528f]
C  [ucrtbase.dll+0x29363]
C  [KERNEL32.DLL+0x1257d]
C  [ntdll.dll+0x5aa58]


---------------  P R O C E S S  ---------------

Threads class SMR info:
_java_thread_list=0x00007ffbc9f3df18, length=0, elements={
}

Java Threads: ( => current thread )

Other Threads:
  0x0000022b76688350 GCTaskThread "GC Thread#0" [stack: 0x000000389e900000,0x000000389ea00000] [id=3120]
  0x0000022b76698c60 ConcurrentGCThread "G1 Main Marker" [stack: 0x000000389ea00000,0x000000389eb00000] [id=17892]
  0x0000022b76699680 ConcurrentGCThread "G1 Conc#0" [stack: 0x000000389eb00000,0x000000389ec00000] [id=3204]

[error occurred during error reporting (printing all threads), id 0xc0000005, EXCEPTION_ACCESS_VIOLATION (0xc0000005) at pc=0x00007ffbc96f3597]

VM state: not at safepoint (not fully initialized)

VM Mutex/Monitor currently owned by a thread:  ([mutex/lock_event])
[0x0000022b76629dd0] Heap_lock - owner thread: 0x0000022b7662ee20

Heap address: 0x0000000083200000, size: 1998 MB, Compressed Oops mode: 32-bit

CDS archive(s) mapped at: [0x0000000000000000-0x0000000000000000-0x0000000000000000), size 0, SharedBaseAddress: 0x0000000800000000, ArchiveRelocationMode: 1.
Narrow klass base: 0x0000000000000000, Narrow klass shift: 0, Narrow klass range: 0x0

GC Precious Log:
<Empty>

Heap:
 garbage-first heap   total 0K, used 0K [0x0000000083200000, 0x0000000100000000)
  region size 1024K, 0 young (0K), 0 survivors (0K)
 Metaspace       used 0K, committed 0K, reserved 0K
  class space    used 0K, committed 0K, reserved 0K

Heap Regions: E=young(eden), S=young(survivor), O=old, HS=humongous(starts), HC=humongous(continues), CS=collection set, F=free, OA=open archive, CA=closed archive, TAMS=top-at-mark-start (previous, next)

Card table byte_map: [0x0000022b7c3d0000,0x0000022b7c7c0000] _byte_map_base: 0x0000022b7bfb7000

Marking Bits (Prev, Next): (CMBitMap*) 0x0000022b76688970, (CMBitMap*) 0x0000022b766889b0
 Prev Bits: [0x0000022b7cbb0000, 0x0000022b7eae8000)
 Next Bits: [0x0000022b0f000000, 0x0000022b10f38000)

GC Heap History (0 events):
No events

Dll operation events (1 events):
Event: 0.009 Loaded shared library C:\Program Files\JetBrains\IntelliJ IDEA Community Edition 2023.3.2\jbr\bin\java.dll

Deoptimization events (0 events):
No events

Classes unloaded (0 events):
No events

Classes redefined (0 events):
No events

Internal exceptions (0 events):
No events

VM Operations (0 events):
No events

Events (0 events):
No events


Dynamic libraries:
0x00007ff753460000 - 0x00007ff75346a000 	C:\Program Files\JetBrains\IntelliJ IDEA Community Edition 2023.3.2\jbr\bin\java.exe
0x00007ffc29a90000 - 0x00007ffc29ca7000 	C:\WINDOWS\SYSTEM32\ntdll.dll
0x00007ffc27eb0000 - 0x00007ffc27f74000 	C:\WINDOWS\System32\KERNEL32.DLL
0x00007ffc27090000 - 0x00007ffc27436000 	C:\WINDOWS\System32\KERNELBASE.dll
0x00007ffc26ef0000 - 0x00007ffc27001000 	C:\WINDOWS\System32\ucrtbase.dll
0x00007ffc02190000 - 0x00007ffc021a7000 	C:\Program Files\JetBrains\IntelliJ IDEA Community Edition 2023.3.2\jbr\bin\jli.dll
0x00007ffc28c90000 - 0x00007ffc28e3e000 	C:\WINDOWS\System32\USER32.dll
0x00007ffc17d20000 - 0x00007ffc17fb3000 	C:\WINDOWS\WinSxS\amd64_microsoft.windows.common-controls_6595b64144ccf1df_6.0.22621.2506_none_270c5ae97388e100\COMCTL32.dll
0x00007ffc26da0000 - 0x00007ffc26dc6000 	C:\WINDOWS\System32\win32u.dll
0x00007ffc27a90000 - 0x00007ffc27b37000 	C:\WINDOWS\System32\msvcrt.dll
0x00007ffc27950000 - 0x00007ffc27979000 	C:\WINDOWS\System32\GDI32.dll
0x00007ffc26dd0000 - 0x00007ffc26ee8000 	C:\WINDOWS\System32\gdi32full.dll
0x00007ffc27440000 - 0x00007ffc274da000 	C:\WINDOWS\System32\msvcp_win.dll
0x00007ffc0a900000 - 0x00007ffc0a91b000 	C:\Program Files\JetBrains\IntelliJ IDEA Community Edition 2023.3.2\jbr\bin\VCRUNTIME140.dll
0x00007ffc28640000 - 0x00007ffc28671000 	C:\WINDOWS\System32\IMM32.DLL
0x00007ffc1a070000 - 0x00007ffc1a07c000 	C:\Program Files\JetBrains\IntelliJ IDEA Community Edition 2023.3.2\jbr\bin\vcruntime140_1.dll
0x00007ffbdd420000 - 0x00007ffbdd4ad000 	C:\Program Files\JetBrains\IntelliJ IDEA Community Edition 2023.3.2\jbr\bin\msvcp140.dll
0x00007ffbc9400000 - 0x00007ffbca082000 	C:\Program Files\JetBrains\IntelliJ IDEA Community Edition 2023.3.2\jbr\bin\server\jvm.dll
0x00007ffc28750000 - 0x00007ffc28803000 	C:\WINDOWS\System32\ADVAPI32.dll
0x00007ffc28680000 - 0x00007ffc28728000 	C:\WINDOWS\System32\sechost.dll
0x00007ffc274e0000 - 0x00007ffc27508000 	C:\WINDOWS\System32\bcrypt.dll
0x00007ffc28ed0000 - 0x00007ffc28fe7000 	C:\WINDOWS\System32\RPCRT4.dll
0x00007ffc25dd0000 - 0x00007ffc25e1d000 	C:\WINDOWS\SYSTEM32\POWRPROF.dll
0x00007ffbf2e10000 - 0x00007ffbf2e19000 	C:\WINDOWS\SYSTEM32\WSOCK32.dll
0x00007ffc1dbd0000 - 0x00007ffc1dc04000 	C:\WINDOWS\SYSTEM32\WINMM.dll
0x00007ffc18080000 - 0x00007ffc1808a000 	C:\WINDOWS\SYSTEM32\VERSION.dll
0x00007ffc28e50000 - 0x00007ffc28ec1000 	C:\WINDOWS\System32\WS2_32.dll
0x00007ffc25d50000 - 0x00007ffc25d63000 	C:\WINDOWS\SYSTEM32\UMPDC.dll
0x00007ffc25ec0000 - 0x00007ffc25ed8000 	C:\WINDOWS\SYSTEM32\kernel.appcore.dll
0x00007ffc21710000 - 0x00007ffc2171a000 	C:\Program Files\JetBrains\IntelliJ IDEA Community Edition 2023.3.2\jbr\bin\jimage.dll
0x00007ffc24160000 - 0x00007ffc24393000 	C:\WINDOWS\SYSTEM32\DBGHELP.DLL
0x00007ffc27f80000 - 0x00007ffc28309000 	C:\WINDOWS\System32\combase.dll
0x00007ffc277b0000 - 0x00007ffc27887000 	C:\WINDOWS\System32\OLEAUT32.dll
0x00007ffc1b4e0000 - 0x00007ffc1b512000 	C:\WINDOWS\SYSTEM32\dbgcore.DLL
0x00007ffc27010000 - 0x00007ffc2708a000 	C:\WINDOWS\System32\bcryptPrimitives.dll
0x00007ffc1a880000 - 0x00007ffc1a8a5000 	C:\Program Files\JetBrains\IntelliJ IDEA Community Edition 2023.3.2\jbr\bin\java.dll

dbghelp: loaded successfully - version: 4.0.5 - missing functions: none
symbol engine: initialized successfully - sym options: 0x614 - pdb path: .;C:\Program Files\JetBrains\IntelliJ IDEA Community Edition 2023.3.2\jbr\bin;C:\WINDOWS\SYSTEM32;C:\WINDOWS\WinSxS\amd64_microsoft.windows.common-controls_6595b64144ccf1df_6.0.22621.2506_none_270c5ae97388e100;C:\Program Files\JetBrains\IntelliJ IDEA Community Edition 2023.3.2\jbr\bin\server

VM Arguments:
java_command: git4idea.http.GitAskPassApp Username for 'https://github.com': 
java_class_path (initial): C:/Program Files/JetBrains/IntelliJ IDEA Community Edition 2023.3.2/plugins/vcs-git/lib/git4idea-rt.jar;C:/Program Files/JetBrains/IntelliJ IDEA Community Edition 2023.3.2/lib/externalProcess-rt.jar
Launcher Type: SUN_STANDARD

[Global flags]
     intx CICompilerCount                          = 4                                         {product} {ergonomic}
     uint ConcGCThreads                            = 2                                         {product} {ergonomic}
     uint G1ConcRefinementThreads                  = 8                                         {product} {ergonomic}
   size_t G1HeapRegionSize                         = 1048576                                   {product} {ergonomic}
    uintx GCDrainStackTargetSize                   = 64                                        {product} {ergonomic}
   size_t InitialHeapSize                          = 132120576                                 {product} {ergonomic}
   size_t MarkStackSize                            = 4194304                                   {product} {ergonomic}
   size_t MaxHeapSize                              = 2095054848                                {product} {ergonomic}
   size_t MinHeapDeltaBytes                        = 1048576                                   {product} {ergonomic}
   size_t MinHeapSize                              = 8388608                                   {product} {ergonomic}
    uintx NonNMethodCodeHeapSize                   = 5839372                                {pd product} {ergonomic}
    uintx NonProfiledCodeHeapSize                  = 122909434                              {pd product} {ergonomic}
    uintx ProfiledCodeHeapSize                     = 122909434                              {pd product} {ergonomic}
    uintx ReservedCodeCacheSize                    = 251658240                              {pd product} {ergonomic}
     bool SegmentedCodeCache                       = true                                      {product} {ergonomic}
   size_t SoftMaxHeapSize                          = 2095054848                             {manageable} {ergonomic}
     bool UseCompressedClassPointers               = true                           {product lp64_product} {ergonomic}
     bool UseCompressedOops                        = true                           {product lp64_product} {ergonomic}
     bool UseG1GC                                  = true                                      {product} {ergonomic}
     bool UseLargePagesIndividualAllocation        = false                                  {pd product} {ergonomic}

Logging:
Log output configuration:
 #0: stdout all=warning uptime,level,tags
 #1: stderr all=off uptime,level,tags

Environment Variables:
PATH=C:\Program Files\Git\mingw64\libexec\git-core;C:\Program Files\Git\mingw64\libexec\git-core;C:\Program Files\Git\mingw64\bin;C:\Program Files\Git\usr\bin;C:\Users\m9153\bin;C:\Program Files\Common Files\Oracle\Java\javapath;C:\Windows\System32\HWAudioDriverLibs;C:\Windows\system32;C:\Windows;C:\Windows\System32\Wbem;C:\Windows\System32\WindowsPowerShell\v1.0;C:\Windows\System32\OpenSSH;C:\Users\Administrator\AppData\Local\Microsoft\WindowsApps;C:\Program Files (x86)\dotnet;C:\Program Files\TortoiseGit\bin;C:\Program Files\Git\cmd;C:\WINDOWS\system32;C:\WINDOWS;C:\WINDOWS\System32\Wbem;C:\WINDOWS\System32\WindowsPowerShell\v1.0;C:\WINDOWS\System32\OpenSSH;C:\Program Files\nodejs;C:\Program Files (x86)\Yarn\bin;C:\Program Files\WireGuard;C:\Users\m9153\AppData\Local\Microsoft\WindowsApps;C:\Program Files\JetBrains\PyCharm Community Edition 2023.1\bin;C:\Program Files\JetBrains\IntelliJ IDEA Community Edition 2023.3.2\bin;C:\masm32\bin;C:\masm32\bin;C:\masm32\OllyDbg;C:\Users\m9153\AppData\Local\Yarn\bin;C:\Users\m9153\AppData\Local\Programs\Microsoft VS Code\bin
USERNAME=m9153
DISPLAY=:0.0
LC_ALL=en_US.UTF-8
TERM=xterm-256color
TMPDIR=C:\Users\m9153\AppData\Local\Temp
OS=Windows_NT
PROCESSOR_IDENTIFIER=Intel64 Family 6 Model 140 Stepping 1, GenuineIntel
TMP=C:\Users\m9153\AppData\Local\Temp
TEMP=C:\Users\m9153\AppData\Local\Temp



Periodic native trim disabled

JNI global refs:
JNI global refs: 0, weak refs: 0

JNI global refs memory usage: 0, weak refs: 0

OOME stack traces (most recent first):
Classloader memory used:


---------------  S Y S T E M  ---------------

OS:
 Windows 11 , 64 bit Build 22621 (10.0.22621.2506)
OS uptime: 1 days 0:03 hours

CPU: total 8 (initial active 8) (4 cores per cpu, 2 threads per core) family 6 model 140 stepping 1 microcode 0x8a, cx8, cmov, fxsr, ht, mmx, 3dnowpref, sse, sse2, sse3, ssse3, sse4.1, sse4.2, popcnt, lzcnt, tsc, tscinvbit, avx, avx2, aes, erms, clmul, bmi1, bmi2, adx, avx512f, avx512dq, avx512cd, avx512bw, avx512vl, sha, fma, vzeroupper, avx512_vpopcntdq, avx512_vpclmulqdq, avx512_vaes, avx512_vnni, clflush, clflushopt, clwb, avx512_vbmi2, avx512_vbmi
Processor Information for all 8 processors :
  Max Mhz: 2419, Current Mhz: 2419, Mhz Limit: 2419

Memory: 4k page, system-wide physical 7991M (544M free)
TotalPageFile size 10039M (AvailPageFile size 107M)
current process WorkingSet (physical memory assigned to process): 11M, peak: 11M
current process commit charge ("private bytes"): 60M, peak: 186M

vm_info: OpenJDK 64-Bit Server VM (17.0.9+7-b1087.9) for windows-amd64 JRE (17.0.9+7-b1087.9), built on 2023-12-05 by "builduser" with MS VC++ 16.10 / 16.11 (VS2019)

END.
